Content-Type: multipart/alternative;
 boundary="===============4678577105544467264=="
MIME-Version: 1.0
Subject: Profile activation
From: test@example.com
To: asd@sad.cl
Date: Fri, 15 Feb 2019 04:00:41 -0000
Message-ID: <155020324138.10828.12093915150947593751@nelson-VirtualBox>

--===============4678577105544467264==
Content-Type: text/plain; charset="utf-8"
MIME-Version: 1.0
Content-Transfer-Encoding: 7bit



To activate your profile, please follow this link:

http://127.0.0.1:8000/accounts/activate/LietcbKkMeQX6za0EuyR/

--===============4678577105544467264==
Content-Type: text/html; charset="utf-8"
MIME-Version: 1.0
Content-Transfer-Encoding: 7bit



<!DOCTYPE html PUBLIC "-//W3C//DTD XHTML 1.0 Transitional//EN"
        "http://www.w3.org/TR/xhtml1/DTD/xhtml1-transitional.dtd">
<html xmlns="http://www.w3.org/1999/xhtml">
<head>
    <meta http-equiv="Content-Type" content="text/html; charset=UTF-8"/>
    <title>Profile activation</title>
    <meta name="viewport" content="width=device-width, initial-scale=1.0"/>
</head>

<body>

<p>
    To activate your profile, please follow this link:
</p>

<p>
    <a href="http://127.0.0.1:8000/accounts/activate/LietcbKkMeQX6za0EuyR/">http://127.0.0.1:8000/accounts/activate/LietcbKkMeQX6za0EuyR/</a>
</p>

</body>

</html>

--===============4678577105544467264==--

-------------------------------------------------------------------------------
